<?xml version="1.0" encoding="UTF-8"?>
<testng-results ignored="0" total="2" passed="2" failed="0" skipped="0">
  <reporter-output>
  </reporter-output>
  <suite started-at="2022-07-08T14:31:25 IST" name="Default suite" finished-at="2022-07-08T14:31:54 IST" duration-ms="29378">
    <groups>
    </groups>
    <test started-at="2022-07-08T14:31:25 IST" name="Default test" finished-at="2022-07-08T14:31:54 IST" duration-ms="29378">
      <class name="Book_Myshow_Test.BookMyShow_Test">
        <test-method is-config="true" signature="initializebrowser()[pri:0, instance:Book_Myshow_Test.BookMyShow_Test@4e096385]" started-at="2022-07-08T14:31:25 IST" name="initializebrowser" finished-at="2022-07-08T14:31:27 IST" duration-ms="2318" status="PASS">
          <reporter-output>
          </reporter-output>
        </test-method> <!-- initializebrowser -->
        <test-method signature="Page_Runner()[pri:0, instance:Book_Myshow_Test.BookMyShow_Test@4e096385]" started-at="2022-07-08T14:31:27 IST" name="Page_Runner" finished-at="2022-07-08T14:31:30 IST" duration-ms="2749" status="PASS">
          <reporter-output>
          </reporter-output>
        </test-method> <!-- Page_Runner -->
        <test-method signature="CenterSpeciality()[pri:0, instance:Book_Myshow_Test.BookMyShow_Test@4e096385]" started-at="2022-07-08T14:31:30 IST" name="CenterSpeciality" finished-at="2022-07-08T14:31:54 IST" depends-on-methods="Book_Myshow_Test.BookMyShow_Test.Page_Runner" duration-ms="24286" status="PASS">
          <reporter-output>
          </reporter-output>
        </test-method> <!-- CenterSpeciality -->
      </class> <!-- Book_Myshow_Test.BookMyShow_Test -->
    </test> <!-- Default test -->
  </suite> <!-- Default suite -->
</testng-results>
